app/build/intermediates/manifest_merge_blame_file/debug/manifest-merger-blame-debug-report.txt
1<?xml version="1.0" encoding="utf-8"?>
2<manifest xmlns:android="http://schemas.android.com/apk/res/android"
3    package="com.c2m.storyviewer"
4    android:versionCode="1"
5    android:versionName="1.0" >
6
7    <uses-sdk
8        android:minSdkVersion="16"
8-->src/main/AndroidManifest.xml
9        android:targetSdkVersion="29" />
9-->src/main/AndroidManifest.xml
10
11    <uses-permission android:name="android.permission.INTERNET" />
11-->src/main/AndroidManifest.xml:5:5-66
11-->src/main/AndroidManifest.xml:5:22-64
12
13    <!-- Offline DRM related permissions -->
14    <uses-permission android:name="android.permission.READ_EXTERNAL_STORAGE" />
14-->[com.brightcove.player:exoplayer2:6.5.0] AndroidManifest.xml:9:5-80
14-->[com.brightcove.player:exoplayer2:6.5.0] AndroidManifest.xml:9:22-77
15    <uses-permission android:name="android.permission.WRITE_EXTERNAL_STORAGE" />
15-->[com.brightcove.player:exoplayer2:6.5.0] AndroidManifest.xml:10:5-81
15-->[com.brightcove.player:exoplayer2:6.5.0] AndroidManifest.xml:10:22-78
16    <uses-permission android:name="android.permission.ACCESS_NETWORK_STATE" />
16-->[com.brightcove.player:android-sdk:6.5.0] AndroidManifest.xml:12:5-79
16-->[com.brightcove.player:android-sdk:6.5.0] AndroidManifest.xml:12:22-76
17
18    <application
18-->src/main/AndroidManifest.xml:7:5-22:19
19        android:name="com.c2m.storyviewer.app.StoryApp"
19-->src/main/AndroidManifest.xml:13:9-37
20        android:allowBackup="true"
20-->src/main/AndroidManifest.xml:8:9-35
21        android:appComponentFactory="androidx.core.app.CoreComponentFactory"
21-->[androidx.core:core:1.3.0] AndroidManifest.xml:24:18-86
22        android:debuggable="true"
23        android:icon="@mipmap/ic_launcher"
23-->src/main/AndroidManifest.xml:9:9-43
24        android:label="@string/app_name"
24-->src/main/AndroidManifest.xml:10:9-41
25        android:roundIcon="@mipmap/ic_launcher_round"
25-->src/main/AndroidManifest.xml:11:9-54
26        android:supportsRtl="true"
26-->src/main/AndroidManifest.xml:12:9-35
27        android:testOnly="true"
28        android:theme="@style/AppTheme" >
28-->src/main/AndroidManifest.xml:14:9-40
29        <activity android:name="com.c2m.storyviewer.screen.StoryActivity" >
29-->src/main/AndroidManifest.xml:15:9-21:20
29-->src/main/AndroidManifest.xml:15:19-55
30            <intent-filter>
30-->src/main/AndroidManifest.xml:16:13-20:29
31                <action android:name="android.intent.action.MAIN" />
31-->src/main/AndroidManifest.xml:17:17-69
31-->src/main/AndroidManifest.xml:17:25-66
32
33                <category android:name="android.intent.category.LAUNCHER" />
33-->src/main/AndroidManifest.xml:19:17-77
33-->src/main/AndroidManifest.xml:19:27-74
34            </intent-filter>
35        </activity>
36
37        <service
37-->[com.brightcove.player:exoplayer2:6.5.0] AndroidManifest.xml:13:9-15:40
38            android:name="com.brightcove.player.network.DownloadMonitorService"
38-->[com.brightcove.player:exoplayer2:6.5.0] AndroidManifest.xml:14:13-80
39            android:exported="false" /> <!-- If we don't register this Activity in the Manifest, apps using the SDK will crash when they try to access it. -->
39-->[com.brightcove.player:exoplayer2:6.5.0] AndroidManifest.xml:15:13-37
40        <!-- During the app's build process, this manifest will be merged with the app-level one. -->
41        <activity android:name="com.brightcove.player.captioning.BrightcoveCaptionPropertiesActivity" />
41-->[com.brightcove.player:android-sdk:6.5.0] AndroidManifest.xml:18:9-105
41-->[com.brightcove.player:android-sdk:6.5.0] AndroidManifest.xml:18:19-102
42
43        <service
43-->[com.brightcove.player:android-sdk:6.5.0] AndroidManifest.xml:20:9-22:38
44            android:name="com.brightcove.player.services.BrightcoveMediaPlayerService"
44-->[com.brightcove.player:android-sdk:6.5.0] AndroidManifest.xml:21:13-87
45            android:enabled="true" />
45-->[com.brightcove.player:android-sdk:6.5.0] AndroidManifest.xml:22:13-35
46        <service android:name="com.liulishuo.filedownloader.services.FileDownloadService$SharedMainProcessService" />
46-->[com.liulishuo.filedownloader:library:1.7.4] AndroidManifest.xml:12:9-118
46-->[com.liulishuo.filedownloader:library:1.7.4] AndroidManifest.xml:12:18-115
47        <service
47-->[com.liulishuo.filedownloader:library:1.7.4] AndroidManifest.xml:13:9-15:49
48            android:name="com.liulishuo.filedownloader.services.FileDownloadService$SeparateProcessService"
48-->[com.liulishuo.filedownloader:library:1.7.4] AndroidManifest.xml:14:13-108
49            android:process=":filedownloader" />
49-->[com.liulishuo.filedownloader:library:1.7.4] AndroidManifest.xml:15:13-46
50    </application>
51
52</manifest>